\BOOKMARK [1][-]{section.1}{\376\377\000S\000e\000c\000t\000i\000o\000n}{}% 1
\BOOKMARK [2][-]{subsection.1.1}{\376\377\000s\000e\000t\000\040\040\023\000\040\004\074\004\075\004\076\004\066\004\065\004\101\004\102\004\062\004\076}{section.1}% 2
\BOOKMARK [2][-]{subsection.1.2}{\376\377\000u\000n\000i\000o\000n\000\040\040\023\000\040\004\076\004\061\004\112\004\065\004\064\004\070\004\075\004\065\004\075\004\070\004\065}{section.1}% 3
\BOOKMARK [2][-]{subsection.1.3}{\376\377\000i\000n\000t\000e\000r\000s\000e\000c\000t\000i\000o\000n\000\040\040\023\000\040\004\077\004\065\004\100\004\065\004\101\004\065\004\107\004\065\004\075\004\070\004\065}{section.1}% 4
\BOOKMARK [2][-]{subsection.1.4}{\376\377\000d\000i\000f\000f\000e\000r\000e\000n\000c\000e\000\040\040\023\000\040\004\100\004\060\004\067\004\075\004\076\004\101\004\102\004\114}{section.1}% 5
\BOOKMARK [2][-]{subsection.1.5}{\376\377\000e\000l\000e\000m\000e\000n\000t\000\040\040\023\000\040\004\115\004\073\004\065\004\074\004\065\004\075\004\102}{section.1}% 6
\BOOKMARK [2][-]{subsection.1.6}{\376\377\000s\000u\000b\000s\000e\000t\000\040\040\023\000\040\004\077\004\076\004\064\004\074\004\075\004\076\004\066\004\065\004\101\004\102\004\062\004\076}{section.1}% 7
\BOOKMARK [2][-]{subsection.1.7}{\376\377\000p\000l\000a\000n\000e\000\040\000s\000e\000t\000\040\040\023\000\040\004\074\004\075\004\076\004\066\004\065\004\101\004\102\004\062\004\076\000\040\004\075\004\060\000\040\004\077\004\073\004\076\004\101\004\072\004\076\004\101\004\102\004\070}{section.1}% 8
\BOOKMARK [2][-]{subsection.1.8}{\376\377\000i\000n\000t\000e\000r\000v\000a\000l\000\040\040\023\000\040\004\070\004\075\004\102\004\065\004\100\004\062\004\060\004\073}{section.1}% 9
\BOOKMARK [2][-]{subsection.1.9}{\376\377\000f\000u\000n\000c\000t\000i\000o\000n\000\040\040\023\000\040\004\104\004\103\004\075\004\072\004\106\004\070\004\117}{section.1}% 10
\BOOKMARK [2][-]{subsection.1.10}{\376\377\000g\000r\000a\000p\000h\000\040\040\023\000\040\004\063\004\100\004\060\004\104\004\070\004\072}{section.1}% 11
\BOOKMARK [2][-]{subsection.1.11}{\376\377\000e\000q\000u\000a\000t\000i\000o\000n\000\040\040\023\000\040\004\103\004\100\004\060\004\062\004\075\004\065\004\075\004\070\004\065}{section.1}% 12
\BOOKMARK [2][-]{subsection.1.12}{\376\377\000v\000a\000r\000i\000a\000b\000l\000e\000\040\040\023\000\040\004\077\004\065\004\100\004\065\004\074\004\065\004\075\004\075\004\060\004\117}{section.1}% 13
\BOOKMARK [2][-]{subsection.1.13}{\376\377\000d\000o\000m\000a\000i\000n\000\040\040\023\000\040\004\076\004\061\004\073\004\060\004\101\004\102\004\114\000\040\004\076\004\077\004\100\004\065\004\064\004\065\004\073\004\065\004\075\004\070\004\117}{section.1}% 14
\BOOKMARK [2][-]{subsection.1.14}{\376\377\000r\000a\000n\000g\000e\000\040\040\023\000\040\004\076\004\061\004\073\004\060\004\101\004\102\004\114\000\040\004\067\004\075\004\060\004\107\004\065\004\075\004\070\004\071}{section.1}% 15
\BOOKMARK [1][-]{section.2}{\376\377\000S\000e\000c\000t\000i\000o\000n}{}% 16
\BOOKMARK [2][-]{subsection.2.1}{\376\377\000f\000u\000n\000c\000t\000i\000o\000n\000\040\040\023\000\040\004\104\004\103\004\075\004\072\004\106\004\070\004\117}{section.2}% 17
\BOOKMARK [2][-]{subsection.2.2}{\376\377\000i\000m\000a\000g\000e\000\040\040\023\000\040\004\076\004\061\004\100\004\060\004\067}{section.2}% 18
\BOOKMARK [2][-]{subsection.2.3}{\376\377\000i\000n\000v\000e\000r\000s\000e\000\040\040\023\000\040\004\076\004\061\004\100\004\060\004\102\004\075\004\113\004\071}{section.2}% 19
\BOOKMARK [2][-]{subsection.2.4}{\376\377\000c\000o\000m\000p\000o\000s\000i\000t\000i\000o\000n\000\040\040\023\000\040\004\072\004\076\004\074\004\077\004\076\004\067\004\070\004\106\004\070\004\117}{section.2}% 20
\BOOKMARK [2][-]{subsection.2.5}{\376\377\000t\000r\000a\000n\000s\000f\000o\000r\000m\000a\000t\000i\000o\000n\000\040\040\023\000\040\004\077\004\100\004\065\004\076\004\061\004\100\004\060\004\067\004\076\004\062\004\060\004\075\004\070\004\065}{section.2}% 21
\BOOKMARK [2][-]{subsection.2.6}{\376\377\000d\000o\000m\000a\000i\000n\000\040\040\023\000\040\004\076\004\061\004\073\004\060\004\101\004\102\004\114\000\040\004\076\004\077\004\100\004\065\004\064\004\065\004\073\004\065\004\075\004\070\004\117}{section.2}% 22
\BOOKMARK [2][-]{subsection.2.7}{\376\377\000c\000o\000d\000o\000m\000a\000i\000n\000\040\040\023\000\040\004\076\004\061\004\073\004\060\004\101\004\102\004\114\000\040\004\067\004\075\004\060\004\107\004\065\004\075\004\070\004\071}{section.2}% 23
\BOOKMARK [2][-]{subsection.2.8}{\376\377\000i\000d\000e\000n\000t\000i\000t\000y\000\040\000f\000u\000n\000c\000t\000i\000o\000n\000\040\040\023\000\040\004\102\004\076\004\066\004\064\004\065\004\101\004\102\004\062\004\065\004\075\004\075\004\060\004\117\000\040\004\104\004\103\004\075\004\072\004\106\004\070\004\117}{section.2}% 24
\BOOKMARK [2][-]{subsection.2.9}{\376\377\000p\000a\000r\000a\000m\000e\000t\000r\000i\000s\000a\000t\000i\000o\000n\000\040\040\023\000\040\004\077\004\060\004\100\004\060\004\074\004\065\004\102\004\100\004\070\004\067\004\060\004\106\004\070\004\117}{section.2}% 25
\BOOKMARK [2][-]{subsection.2.10}{\376\377\000d\000i\000s\000t\000a\000n\000c\000e\000\040\000f\000u\000n\000c\000t\000i\000o\000n\000\040\040\023\000\040\004\104\004\103\004\075\004\072\004\106\004\070\004\117\000\040\004\100\004\060\004\101\004\101\004\102\004\076\004\117\004\075\004\070\004\117}{section.2}% 26
\BOOKMARK [2][-]{subsection.2.11}{\376\377\000r\000e\000s\000t\000r\000i\000c\000t\000i\000o\000n\000\040\040\023\000\040\004\076\004\063\004\100\004\060\004\075\004\070\004\107\004\065\004\075\004\070\004\065}{section.2}% 27
\BOOKMARK [2][-]{subsection.2.12}{\376\377\000b\000i\000j\000e\000c\000t\000i\000o\000n\000\040\040\023\000\040\004\061\004\070\004\065\004\072\004\106\004\070\004\117}{section.2}% 28
\BOOKMARK [2][-]{subsection.2.13}{\376\377\000i\000n\000j\000e\000c\000t\000i\000v\000e\000\040\040\023\000\040\004\070\004\075\004\112\004\065\004\072\004\102\004\070\004\062\004\075\004\113\004\071}{section.2}% 29
\BOOKMARK [2][-]{subsection.2.14}{\376\377\000s\000u\000r\000j\000e\000c\000t\000i\000v\000e\000\040\040\023\000\040\004\101\004\116\004\100\004\112\004\065\004\072\004\102\004\070\004\062\004\075\004\113\004\071}{section.2}% 30
\BOOKMARK [1][-]{section.3}{\376\377\000S\000e\000c\000t\000i\000o\000n}{}% 31
\BOOKMARK [2][-]{subsection.3.1}{\376\377\000p\000r\000o\000o\000f\000\040\040\023\000\040\004\064\004\076\004\072\004\060\004\067\004\060\004\102\004\065\004\073\004\114\004\101\004\102\004\062\004\076}{section.3}% 32
\BOOKMARK [2][-]{subsection.3.2}{\376\377\000t\000h\000e\000o\000r\000e\000m\000\040\040\023\000\040\004\102\004\065\004\076\004\100\004\065\004\074\004\060}{section.3}% 33
\BOOKMARK [2][-]{subsection.3.3}{\376\377\000s\000t\000a\000t\000e\000m\000e\000n\000t\000\040\040\023\000\040\004\103\004\102\004\062\004\065\004\100\004\066\004\064\004\065\004\075\004\070\004\065}{section.3}% 34
\BOOKMARK [2][-]{subsection.3.4}{\376\377\000i\000m\000p\000l\000i\000c\000a\000t\000i\000o\000n\000\040\040\023\000\040\004\070\004\074\004\077\004\073\004\070\004\072\004\060\004\106\004\070\004\117}{section.3}% 35
\BOOKMARK [2][-]{subsection.3.5}{\376\377\000e\000q\000u\000i\000v\000a\000l\000e\000n\000c\000e\000\040\040\023\000\040\004\115\004\072\004\062\004\070\004\062\004\060\004\073\004\065\004\075\004\102\004\075\004\076\004\101\004\102\004\114}{section.3}% 36
\BOOKMARK [2][-]{subsection.3.6}{\376\377\000n\000e\000g\000a\000t\000i\000o\000n\000\040\040\023\000\040\004\076\004\102\004\100\004\070\004\106\004\060\004\075\004\070\004\065}{section.3}% 37
\BOOKMARK [2][-]{subsection.3.7}{\376\377\000c\000o\000n\000t\000r\000a\000p\000o\000s\000i\000t\000i\000v\000e\000\040\040\023\000\040\004\072\004\076\004\075\004\102\004\100\004\060\004\077\004\076\004\067\004\070\004\106\004\070\004\117}{section.3}% 38
\BOOKMARK [2][-]{subsection.3.8}{\376\377\000c\000o\000u\000n\000t\000e\000r\000e\000x\000a\000m\000p\000l\000e\000\040\040\023\000\040\004\072\004\076\004\075\004\102\004\100\004\077\004\100\004\070\004\074\004\065\004\100}{section.3}% 39
\BOOKMARK [2][-]{subsection.3.9}{\376\377\000q\000u\000a\000n\000t\000i\000f\000i\000e\000r\000\040\040\023\000\040\004\072\004\062\004\060\004\075\004\102\004\076\004\100}{section.3}% 40
\BOOKMARK [2][-]{subsection.3.10}{\376\377\000l\000e\000m\000m\000a\000\040\040\023\000\040\004\073\004\065\004\074\004\074\004\060}{section.3}% 41
\BOOKMARK [2][-]{subsection.3.11}{\376\377\000c\000o\000r\000o\000l\000l\000a\000r\000y\000\040\040\023\000\040\004\101\004\073\004\065\004\064\004\101\004\102\004\062\004\070\004\065}{section.3}% 42
\BOOKMARK [2][-]{subsection.3.12}{\376\377\000c\000o\000n\000j\000e\000c\000t\000u\000r\000e\000\040\040\023\000\040\004\063\004\070\004\077\004\076\004\102\004\065\004\067\004\060}{section.3}% 43
\BOOKMARK [2][-]{subsection.3.13}{\376\377\000c\000o\000n\000t\000r\000a\000d\000i\000c\000t\000i\000o\000n\000\040\040\023\000\040\004\077\004\100\004\076\004\102\004\070\004\062\004\076\004\100\004\065\004\107\004\070\004\065}{section.3}% 44
\BOOKMARK [1][-]{section.4}{\376\377\000S\000e\000c\000t\000i\000o\000n}{}% 45
\BOOKMARK [2][-]{subsection.4.1}{\376\377\000i\000d\000e\000n\000t\000i\000t\000y\000\040\040\023\000\040\004\102\004\076\004\066\004\064\004\065\004\101\004\102\004\062\004\076}{section.4}% 46
\BOOKMARK [2][-]{subsection.4.2}{\376\377\000b\000i\000n\000o\000m\000i\000a\000l\000\040\040\023\000\040\004\061\004\070\004\075\004\076\004\074}{section.4}% 47
\BOOKMARK [2][-]{subsection.4.3}{\376\377\000c\000o\000e\000f\000f\000i\000c\000i\000e\000n\000t\000\040\040\023\000\040\004\072\004\076\004\115\004\104\004\104\004\070\004\106\004\070\004\065\004\075\004\102}{section.4}% 48
\BOOKMARK [2][-]{subsection.4.4}{\376\377\000e\000x\000p\000a\000n\000s\000i\000o\000n\000\040\040\023\000\040\004\100\004\060\004\067\004\073\004\076\004\066\004\065\004\075\004\070\004\065}{section.4}% 49
\BOOKMARK [2][-]{subsection.4.5}{\376\377\000t\000h\000e\000o\000r\000e\000m\000\040\040\023\000\040\004\102\004\065\004\076\004\100\004\065\004\074\004\060}{section.4}% 50
\BOOKMARK [2][-]{subsection.4.6}{\376\377\000s\000e\000r\000i\000e\000s\000\040\040\023\000\040\004\100\004\117\004\064}{section.4}% 51
\BOOKMARK [2][-]{subsection.4.7}{\376\377\000f\000a\000c\000t\000o\000r\000i\000s\000a\000t\000i\000o\000n\000\040\040\023\000\040\004\104\004\060\004\072\004\102\004\076\004\100\004\070\004\067\004\060\004\106\004\070\004\117}{section.4}% 52
\BOOKMARK [2][-]{subsection.4.8}{\376\377\000p\000o\000l\000y\000n\000o\000m\000i\000a\000l\000\040\040\023\000\040\004\074\004\075\004\076\004\063\004\076\004\107\004\073\004\065\004\075}{section.4}% 53
\BOOKMARK [2][-]{subsection.4.9}{\376\377\000r\000o\000o\000t\000\040\040\023\000\040\004\072\004\076\004\100\004\065\004\075\004\114}{section.4}% 54
\BOOKMARK [2][-]{subsection.4.10}{\376\377\000d\000e\000g\000r\000e\000e\000\040\040\023\000\040\004\101\004\102\004\065\004\077\004\065\004\075\004\114}{section.4}% 55
\BOOKMARK [2][-]{subsection.4.11}{\376\377\000s\000u\000m\000\040\040\023\000\040\004\101\004\103\004\074\004\074\004\060}{section.4}% 56
\BOOKMARK [2][-]{subsection.4.12}{\376\377\000p\000r\000o\000d\000u\000c\000t\000\040\040\023\000\040\004\077\004\100\004\076\004\070\004\067\004\062\004\065\004\064\004\065\004\075\004\070\004\065}{section.4}% 57
\BOOKMARK [2][-]{subsection.4.13}{\376\377\000c\000o\000r\000o\000l\000l\000a\000r\000y\000\040\040\023\000\040\004\101\004\073\004\065\004\064\004\101\004\102\004\062\004\070\004\065}{section.4}% 58
